<?xml version="1.0" encoding="UTF-8"?>
<!-- Generated by org.testng.reporters.JUnitReportReporter -->
<testsuite hostname="DESKTOP-G6KU055" failures="0" tests="1" name="coverFoxTest.TC1234_CoverFox_ValidationBannerCount" time="19.824" errors="0" timestamp="2024-10-15T15:19:47 IST" skipped="0">
  <testcase classname="coverFoxTest.TC1234_CoverFox_ValidationBannerCount" name="validatePolicyCount" time="19.824">
    <system-out>
      <![CDATA[Getting policy count from text displayed..
Getting policy count from banner displayed]]>
    </system-out>
  </testcase> <!-- validatePolicyCount -->
  <system-out>
    <![CDATA[Launching Application...
Waiting for appplicatin launch...
Clicking on gender betton...
Clicking on next button
Selecting age...
Clicking on next button
Entering pincode...
Entering mobile number...
Clicking on continue button...
Getting policy count from text displayed..
Getting policy count from banner displayed
Closing Application",true]]>
  </system-out>
</testsuite> <!-- coverFoxTest.TC1234_CoverFox_ValidationBannerCount -->
